0 info it worked if it ends with ok
1 verbose cli [ '/usr/local/bin/node',
1 verbose cli   '/usr/local/bin/npm',
1 verbose cli   'install',
1 verbose cli   './package.json' ]
2 info using npm@4.0.5
3 info using node@v6.7.0
4 silly loadCurrentTree Starting
5 silly install loadCurrentTree
6 silly install readLocalPackageData
7 silly fetchPackageMetaData ./package.json
8 silly fetchOtherPackageData ./package.json
9 silly cache add args [ './package.json', null ]
10 verbose cache add spec ./package.json
11 silly cache add parsed spec Result {
11 silly cache add   raw: './package.json',
11 silly cache add   scope: null,
11 silly cache add   escapedName: null,
11 silly cache add   name: null,
11 silly cache add   rawSpec: './package.json',
11 silly cache add   spec: '/Users/akh/Desktop/CCC50/Sites/demo50/package.json',
11 silly cache add   type: 'local' }
12 silly addLocalTarball shasum (computed) 936c5b3793c2f9b3f036b11ff157388c6891ae92
13 verbose addTmpTarball /Users/akh/Desktop/CCC50/Sites/demo50/package.json not in flight; adding
14 verbose correctMkdir /Users/akh/.npm correctMkdir not in flight; initializing
15 verbose addTmpTarball validating metadata from /Users/akh/Desktop/CCC50/Sites/demo50/package.json
16 verbose tar unpack /Users/akh/Desktop/CCC50/Sites/demo50/package.json
17 verbose tar unpacking to /var/folders/x7/rydh89h14l77ss3v0tvpqtg80000gn/T/npm-19837-d9bf3b13/unpack-e8e5031d
18 silly gentlyRm /var/folders/x7/rydh89h14l77ss3v0tvpqtg80000gn/T/npm-19837-d9bf3b13/unpack-e8e5031d is being purged
19 verbose gentlyRm don't care about contents; nuking /var/folders/x7/rydh89h14l77ss3v0tvpqtg80000gn/T/npm-19837-d9bf3b13/unpack-e8e5031d
20 silly gunzTarPerm modes [ '755', '644' ]
21 error not a package /Users/akh/Desktop/CCC50/Sites/demo50/package.json
22 error addLocal Could not install /Users/akh/Desktop/CCC50/Sites/demo50/package.json
23 silly fetchPackageMetaData Error: ENOENT: no such file or directory, open '/var/folders/x7/rydh89h14l77ss3v0tvpqtg80000gn/T/npm-19837-d9bf3b13/unpack-e8e5031d/package.json'
23 silly fetchPackageMetaData     at Error (native)
23 silly fetchPackageMetaData  error for ./package.json { Error: ENOENT: no such file or directory, open '/var/folders/x7/rydh89h14l77ss3v0tvpqtg80000gn/T/npm-19837-d9bf3b13/unpack-e8e5031d/package.json'
23 silly fetchPackageMetaData     at Error (native)
23 silly fetchPackageMetaData   errno: -2,
23 silly fetchPackageMetaData   code: 'ENOENT',
23 silly fetchPackageMetaData   syscall: 'open',
23 silly fetchPackageMetaData   path: '/var/folders/x7/rydh89h14l77ss3v0tvpqtg80000gn/T/npm-19837-d9bf3b13/unpack-e8e5031d/package.json' }
24 silly rollbackFailedOptional Starting
25 silly rollbackFailedOptional Finishing
26 silly runTopLevelLifecycles Finishing
27 silly install printInstalled
28 verbose stack Error: ENOENT: no such file or directory, open '/var/folders/x7/rydh89h14l77ss3v0tvpqtg80000gn/T/npm-19837-d9bf3b13/unpack-e8e5031d/package.json'
28 verbose stack     at Error (native)
29 verbose cwd /Users/akh/Desktop/CCC50/Sites/demo50
30 error Darwin 16.7.0
31 error argv "/usr/local/bin/node" "/usr/local/bin/npm" "install" "./package.json"
32 error node v6.7.0
33 error npm  v4.0.5
34 error path /var/folders/x7/rydh89h14l77ss3v0tvpqtg80000gn/T/npm-19837-d9bf3b13/unpack-e8e5031d/package.json
35 error code ENOENT
36 error errno -2
37 error syscall open
38 error enoent ENOENT: no such file or directory, open '/var/folders/x7/rydh89h14l77ss3v0tvpqtg80000gn/T/npm-19837-d9bf3b13/unpack-e8e5031d/package.json'
39 error enoent ENOENT: no such file or directory, open '/var/folders/x7/rydh89h14l77ss3v0tvpqtg80000gn/T/npm-19837-d9bf3b13/unpack-e8e5031d/package.json'
39 error enoent This is most likely not a problem with npm itself
39 error enoent and is related to npm not being able to find a file.
40 verbose exit [ -2, true ]
